{"C:\\Projects\\SB-PG\\SB-Men's PG\\backend\\app.js": {"path":"C:\\Projects\\SB-PG\\SB-Men's PG\\backend\\app.js","statementMap":{"0":{"start":{"line":2,"column":16},"end":{"line":2,"column":34}},"1":{"start":{"line":3,"column":13},"end":{"line":3,"column":28}},"2":{"start":{"line":5,"column":17},"end":{"line":5,"column":44}},"3":{"start":{"line":7,"column":19},"end":{"line":7,"column":49}},"4":{"start":{"line":9,"column":12},"end":{"line":9,"column":21}},"5":{"start":{"line":12,"column":0},"end":{"line":12,"column":31}},"6":{"start":{"line":15,"column":0},"end":{"line":15,"column":24}},"7":{"start":{"line":16,"column":0},"end":{"line":16,"column":48}},"8":{"start":{"line":19,"column":0},"end":{"line":19,"column":31}},"9":{"start":{"line":21,"column":0},"end":{"line":23,"column":3}},"10":{"start":{"line":22,"column":2},"end":{"line":22,"column":75}},"11":{"start":{"line":25,"column":0},"end":{"line":25,"column":21}}},"fnMap":{"0":{"name":"(anonymous_0)","decl":{"start":{"line":21,"column":20},"end":{"line":21,"column":21}},"loc":{"start":{"line":21,"column":40},"end":{"line":23,"column":1}},"line":21}},"branchMap":{},"s":{"0":1,"1":1,"2":1,"3":1,"4":1,"5":1,"6":1,"7":1,"8":1,"9":1,"10":0,"11":1},"f":{"0":0},"b":{},"_coverageSchema":"1a1c01bbd47fc00a2c39e90264f33305004495a9","hash":"31bf3c89c4da781e065a0699034df1be3bce99c4"}
,"C:\\Projects\\SB-PG\\SB-Men's PG\\backend\\controllers\\roomController.js": {"path":"C:\\Projects\\SB-PG\\SB-Men's PG\\backend\\controllers\\roomController.js","statementMap":{"0":{"start":{"line":1,"column":13},"end":{"line":1,"column":43}},"1":{"start":{"line":2,"column":25},"end":{"line":2,"column":61}},"2":{"start":{"line":4,"column":0},"end":{"line":4,"column":52}},"3":{"start":{"line":5,"column":0},"end":{"line":5,"column":48}},"4":{"start":{"line":6,"column":0},"end":{"line":6,"column":54}},"5":{"start":{"line":7,"column":0},"end":{"line":7,"column":52}},"6":{"start":{"line":8,"column":0},"end":{"line":8,"column":54}},"7":{"start":{"line":9,"column":0},"end":{"line":9,"column":54}}},"fnMap":{},"branchMap":{},"s":{"0":1,"1":1,"2":1,"3":1,"4":1,"5":1,"6":1,"7":1},"f":{},"b":{},"_coverageSchema":"1a1c01bbd47fc00a2c39e90264f33305004495a9","hash":"8fefdff2951e5bed74facd8608da32eef0c6322e"}
,"C:\\Projects\\SB-PG\\SB-Men's PG\\backend\\models\\roomModel.js": {"path":"C:\\Projects\\SB-PG\\SB-Men's PG\\backend\\models\\roomModel.js","statementMap":{"0":{"start":{"line":1,"column":17},"end":{"line":1,"column":36}},"1":{"start":{"line":3,"column":19},"end":{"line":38,"column":1}},"2":{"start":{"line":46,"column":0},"end":{"line":51,"column":3}},"3":{"start":{"line":47,"column":2},"end":{"line":49,"column":3}},"4":{"start":{"line":48,"column":4},"end":{"line":48,"column":82}},"5":{"start":{"line":53,"column":0},"end":{"line":53,"column":52}}},"fnMap":{"0":{"name":"(anonymous_0)","decl":{"start":{"line":46,"column":23},"end":{"line":46,"column":24}},"loc":{"start":{"line":46,"column":35},"end":{"line":51,"column":1}},"line":46}},"branchMap":{"0":{"loc":{"start":{"line":47,"column":2},"end":{"line":49,"column":3}},"type":"if","locations":[{"start":{"line":47,"column":2},"end":{"line":49,"column":3}},{"start":{},"end":{}}],"line":47},"1":{"loc":{"start":{"line":47,"column":6},"end":{"line":47,"column":61}},"type":"binary-expr","locations":[{"start":{"line":47,"column":6},"end":{"line":47,"column":34}},{"start":{"line":47,"column":38},"end":{"line":47,"column":61}}],"line":47},"2":{"loc":{"start":{"line":48,"column":22},"end":{"line":48,"column":37}},"type":"binary-expr","locations":[{"start":{"line":48,"column":22},"end":{"line":48,"column":32}},{"start":{"line":48,"column":36},"end":{"line":48,"column":37}}],"line":48},"3":{"loc":{"start":{"line":48,"column":42},"end":{"line":48,"column":80}},"type":"cond-expr","locations":[{"start":{"line":48,"column":57},"end":{"line":48,"column":76}},{"start":{"line":48,"column":79},"end":{"line":48,"column":80}}],"line":48}},"s":{"0":1,"1":1,"2":1,"3":6,"4":0,"5":1},"f":{"0":6},"b":{"0":[0,6],"1":[6,6],"2":[0,0],"3":[0,0]},"_coverageSchema":"1a1c01bbd47fc00a2c39e90264f33305004495a9","hash":"aebef4c2b83f492dd9b48e3fec9ace3e5adf3513"}
,"C:\\Projects\\SB-PG\\SB-Men's PG\\backend\\routes\\roomRoutes.js": {"path":"C:\\Projects\\SB-PG\\SB-Men's PG\\backend\\routes\\roomRoutes.js","statementMap":{"0":{"start":{"line":1,"column":16},"end":{"line":1,"column":34}},"1":{"start":{"line":3,"column":23},"end":{"line":3,"column":63}},"2":{"start":{"line":5,"column":15},"end":{"line":5,"column":31}},"3":{"start":{"line":7,"column":0},"end":{"line":7,"column":86}},"4":{"start":{"line":8,"column":0},"end":{"line":13,"column":37}},"5":{"start":{"line":15,"column":0},"end":{"line":15,"column":24}}},"fnMap":{},"branchMap":{},"s":{"0":1,"1":1,"2":1,"3":1,"4":1,"5":1},"f":{},"b":{},"_coverageSchema":"1a1c01bbd47fc00a2c39e90264f33305004495a9","hash":"1d8afcee76b405a54b7aca8368ea11422a4e1fdf"}
,"C:\\Projects\\SB-PG\\SB-Men's PG\\backend\\utils\\appError.js": {"path":"C:\\Projects\\SB-PG\\SB-Men's PG\\backend\\utils\\appError.js","statementMap":{"0":{"start":{"line":3,"column":4},"end":{"line":3,"column":19}},"1":{"start":{"line":5,"column":4},"end":{"line":5,"column":33}},"2":{"start":{"line":6,"column":4},"end":{"line":6,"column":70}},"3":{"start":{"line":7,"column":4},"end":{"line":7,"column":30}},"4":{"start":{"line":9,"column":4},"end":{"line":9,"column":52}},"5":{"start":{"line":13,"column":0},"end":{"line":13,"column":26}}},"fnMap":{"0":{"name":"(anonymous_0)","decl":{"start":{"line":2,"column":2},"end":{"line":2,"column":3}},"loc":{"start":{"line":2,"column":35},"end":{"line":10,"column":3}},"line":2}},"branchMap":{"0":{"loc":{"start":{"line":6,"column":18},"end":{"line":6,"column":69}},"type":"cond-expr","locations":[{"start":{"line":6,"column":53},"end":{"line":6,"column":59}},{"start":{"line":6,"column":62},"end":{"line":6,"column":69}}],"line":6}},"s":{"0":0,"1":0,"2":0,"3":0,"4":0,"5":1},"f":{"0":0},"b":{"0":[0,0]},"_coverageSchema":"1a1c01bbd47fc00a2c39e90264f33305004495a9","hash":"5d090cad20cdc5e486d2ffaee7d53a9b428ef3fc"}
,"C:\\Projects\\SB-PG\\SB-Men's PG\\backend\\utils\\catchAsync.js": {"path":"C:\\Projects\\SB-PG\\SB-Men's PG\\backend\\utils\\catchAsync.js","statementMap":{"0":{"start":{"line":1,"column":0},"end":{"line":1,"column":76}},"1":{"start":{"line":1,"column":25},"end":{"line":1,"column":75}},"2":{"start":{"line":1,"column":45},"end":{"line":1,"column":75}}},"fnMap":{"0":{"name":"(anonymous_0)","decl":{"start":{"line":1,"column":17},"end":{"line":1,"column":18}},"loc":{"start":{"line":1,"column":25},"end":{"line":1,"column":75}},"line":1},"1":{"name":"(anonymous_1)","decl":{"start":{"line":1,"column":25},"end":{"line":1,"column":26}},"loc":{"start":{"line":1,"column":45},"end":{"line":1,"column":75}},"line":1}},"branchMap":{},"s":{"0":1,"1":6,"2":5},"f":{"0":6,"1":5},"b":{},"_coverageSchema":"1a1c01bbd47fc00a2c39e90264f33305004495a9","hash":"884b6d0804c3f3ea1c40fa71b11ffe5e2480927f"}
,"C:\\Projects\\SB-PG\\SB-Men's PG\\backend\\utils\\handlerFunctions.js": {"path":"C:\\Projects\\SB-PG\\SB-Men's PG\\backend\\utils\\handlerFunctions.js","statementMap":{"0":{"start":{"line":1,"column":19},"end":{"line":1,"column":42}},"1":{"start":{"line":2,"column":17},"end":{"line":2,"column":38}},"2":{"start":{"line":4,"column":0},"end":{"line":16,"column":5}},"3":{"start":{"line":5,"column":2},"end":{"line":16,"column":4}},"4":{"start":{"line":7,"column":17},"end":{"line":7,"column":35}},"5":{"start":{"line":9,"column":4},"end":{"line":9,"column":68}},"6":{"start":{"line":9,"column":15},"end":{"line":9,"column":68}},"7":{"start":{"line":11,"column":4},"end":{"line":15,"column":7}},"8":{"start":{"line":18,"column":0},"end":{"line":32,"column":5}},"9":{"start":{"line":19,"column":2},"end":{"line":32,"column":4}},"10":{"start":{"line":20,"column":18},"end":{"line":20,"column":47}},"11":{"start":{"line":21,"column":4},"end":{"line":21,"column":45}},"12":{"start":{"line":21,"column":20},"end":{"line":21,"column":45}},"13":{"start":{"line":22,"column":16},"end":{"line":22,"column":27}},"14":{"start":{"line":24,"column":4},"end":{"line":26,"column":5}},"15":{"start":{"line":25,"column":6},"end":{"line":25,"column":59}},"16":{"start":{"line":28,"column":4},"end":{"line":31,"column":7}},"17":{"start":{"line":34,"column":0},"end":{"line":42,"column":5}},"18":{"start":{"line":35,"column":2},"end":{"line":42,"column":4}},"19":{"start":{"line":36,"column":16},"end":{"line":36,"column":44}},"20":{"start":{"line":38,"column":4},"end":{"line":41,"column":7}},"21":{"start":{"line":44,"column":0},"end":{"line":59,"column":5}},"22":{"start":{"line":45,"column":2},"end":{"line":59,"column":4}},"23":{"start":{"line":46,"column":16},"end":{"line":49,"column":6}},"24":{"start":{"line":51,"column":4},"end":{"line":53,"column":5}},"25":{"start":{"line":52,"column":6},"end":{"line":52,"column":71}},"26":{"start":{"line":55,"column":4},"end":{"line":58,"column":7}},"27":{"start":{"line":61,"column":0},"end":{"line":75,"column":5}},"28":{"start":{"line":62,"column":2},"end":{"line":75,"column":4}},"29":{"start":{"line":63,"column":16},"end":{"line":66,"column":6}},"30":{"start":{"line":68,"column":4},"end":{"line":70,"column":5}},"31":{"start":{"line":69,"column":6},"end":{"line":69,"column":71}},"32":{"start":{"line":71,"column":4},"end":{"line":74,"column":7}},"33":{"start":{"line":77,"column":0},"end":{"line":96,"column":5}},"34":{"start":{"line":78,"column":2},"end":{"line":96,"column":4}},"35":{"start":{"line":79,"column":16},"end":{"line":86,"column":5}},"36":{"start":{"line":88,"column":4},"end":{"line":90,"column":5}},"37":{"start":{"line":89,"column":6},"end":{"line":89,"column":71}},"38":{"start":{"line":92,"column":4},"end":{"line":95,"column":7}}},"fnMap":{"0":{"name":"(anonymous_0)","decl":{"start":{"line":4,"column":17},"end":{"line":4,"column":18}},"loc":{"start":{"line":5,"column":2},"end":{"line":16,"column":4}},"line":5},"1":{"name":"(anonymous_1)","decl":{"start":{"line":5,"column":13},"end":{"line":5,"column":14}},"loc":{"start":{"line":5,"column":39},"end":{"line":16,"column":3}},"line":5},"2":{"name":"(anonymous_2)","decl":{"start":{"line":18,"column":17},"end":{"line":18,"column":18}},"loc":{"start":{"line":19,"column":2},"end":{"line":32,"column":4}},"line":19},"3":{"name":"(anonymous_3)","decl":{"start":{"line":19,"column":13},"end":{"line":19,"column":14}},"loc":{"start":{"line":19,"column":39},"end":{"line":32,"column":3}},"line":19},"4":{"name":"(anonymous_4)","decl":{"start":{"line":34,"column":20},"end":{"line":34,"column":21}},"loc":{"start":{"line":35,"column":2},"end":{"line":42,"column":4}},"line":35},"5":{"name":"(anonymous_5)","decl":{"start":{"line":35,"column":13},"end":{"line":35,"column":14}},"loc":{"start":{"line":35,"column":33},"end":{"line":42,"column":3}},"line":35},"6":{"name":"(anonymous_6)","decl":{"start":{"line":44,"column":20},"end":{"line":44,"column":21}},"loc":{"start":{"line":45,"column":2},"end":{"line":59,"column":4}},"line":45},"7":{"name":"(anonymous_7)","decl":{"start":{"line":45,"column":13},"end":{"line":45,"column":14}},"loc":{"start":{"line":45,"column":39},"end":{"line":59,"column":3}},"line":45},"8":{"name":"(anonymous_8)","decl":{"start":{"line":61,"column":19},"end":{"line":61,"column":20}},"loc":{"start":{"line":62,"column":2},"end":{"line":75,"column":4}},"line":62},"9":{"name":"(anonymous_9)","decl":{"start":{"line":62,"column":13},"end":{"line":62,"column":14}},"loc":{"start":{"line":62,"column":39},"end":{"line":75,"column":3}},"line":62},"10":{"name":"(anonymous_10)","decl":{"start":{"line":77,"column":20},"end":{"line":77,"column":21}},"loc":{"start":{"line":78,"column":2},"end":{"line":96,"column":4}},"line":78},"11":{"name":"(anonymous_11)","decl":{"start":{"line":78,"column":13},"end":{"line":78,"column":14}},"loc":{"start":{"line":78,"column":39},"end":{"line":96,"column":3}},"line":78}},"branchMap":{"0":{"loc":{"start":{"line":9,"column":4},"end":{"line":9,"column":68}},"type":"if","locations":[{"start":{"line":9,"column":4},"end":{"line":9,"column":68}},{"start":{},"end":{}}],"line":9},"1":{"loc":{"start":{"line":21,"column":4},"end":{"line":21,"column":45}},"type":"if","locations":[{"start":{"line":21,"column":4},"end":{"line":21,"column":45}},{"start":{},"end":{}}],"line":21},"2":{"loc":{"start":{"line":24,"column":4},"end":{"line":26,"column":5}},"type":"if","locations":[{"start":{"line":24,"column":4},"end":{"line":26,"column":5}},{"start":{},"end":{}}],"line":24},"3":{"loc":{"start":{"line":51,"column":4},"end":{"line":53,"column":5}},"type":"if","locations":[{"start":{"line":51,"column":4},"end":{"line":53,"column":5}},{"start":{},"end":{}}],"line":51},"4":{"loc":{"start":{"line":68,"column":4},"end":{"line":70,"column":5}},"type":"if","locations":[{"start":{"line":68,"column":4},"end":{"line":70,"column":5}},{"start":{},"end":{}}],"line":68},"5":{"loc":{"start":{"line":88,"column":4},"end":{"line":90,"column":5}},"type":"if","locations":[{"start":{"line":88,"column":4},"end":{"line":90,"column":5}},{"start":{},"end":{}}],"line":88}},"s":{"0":1,"1":1,"2":1,"3":1,"4":1,"5":1,"6":0,"7":1,"8":1,"9":1,"10":1,"11":1,"12":0,"13":1,"14":1,"15":0,"16":1,"17":1,"18":1,"19":1,"20":1,"21":1,"22":1,"23":0,"24":0,"25":0,"26":0,"27":1,"28":1,"29":1,"30":1,"31":0,"32":1,"33":1,"34":1,"35":1,"36":1,"37":0,"38":1},"f":{"0":1,"1":1,"2":1,"3":1,"4":1,"5":1,"6":1,"7":0,"8":1,"9":1,"10":1,"11":1},"b":{"0":[0,1],"1":[0,1],"2":[0,1],"3":[0,0],"4":[0,1],"5":[0,1]},"_coverageSchema":"1a1c01bbd47fc00a2c39e90264f33305004495a9","hash":"0abc170e8a53391fe4f0e0643bf38ae0bff9e8d6"}
}
